#-----------------------------------------------------------
# Vivado v2018.2 (64-bit)
# SW Build 2258646 on Thu Jun 14 20:03:12 MDT 2018
# IP Build 2256618 on Thu Jun 14 22:10:49 MDT 2018
# Start of session at: Tue Jan 26 11:39:52 2021
# Process ID: 5428
# Current directory: C:/Users/James Kibii/OneDrive/Dokumente/Vivado/SPWM
# Command line: vivado.exe -gui_launcher_event rodinguilauncherevent2912 C:\Users\James Kibii\OneDrive\Dokumente\Vivado\SPWM\SPWM.xpr
# Log file: C:/Users/James Kibii/OneDrive/Dokumente/Vivado/SPWM/vivado.log
# Journal file: C:/Users/James Kibii/OneDrive/Dokumente/Vivado/SPWM\vivado.jou
#-----------------------------------------------------------
start_gui
open_project {C:/Users/James Kibii/OneDrive/Dokumente/Vivado/SPWM/SPWM.xpr}
INFO: [Project 1-313] Project file moved from 'C:/Users/kibii/OneDrive/Studienkolleg/Vivado/SPWM' since last save.
Scanning sources...
Finished scanning sources
INFO: [IP_Flow 19-234] Refreshing IP repositories
INFO: [IP_Flow 19-1704] No user IP repositories specified
INFO: [IP_Flow 19-2313] Loaded Vivado IP repository 'C:/Xilinx/Vivado/2018.2/data/ip'.
open_project: Time (s): cpu = 00:00:20 ; elapsed = 00:00:12 . Memory (MB): peak = 893.801 ; gain = 149.637
update_compile_order -fileset sources_1
exit
INFO: [Common 17-206] Exiting Vivado at Tue Jan 26 14:00:05 2021...
