#-----------------------------------------------------------
# Vivado v2018.2 (64-bit)
# SW Build 2258646 on Thu Jun 14 20:03:12 MDT 2018
# IP Build 2256618 on Thu Jun 14 22:10:49 MDT 2018
# Start of session at: Thu Feb 18 17:20:36 2021
# Process ID: 4748
# Current directory: C:/Users/james/OneDrive/Dokumente/Vivado/SoC_Projects/Stepper_Motor_v3
# Command line: vivado.exe -gui_launcher_event rodinguilauncherevent1812 C:\Users\james\OneDrive\Dokumente\Vivado\SoC_Projects\Stepper_Motor_v3\Stepper_Motor_v3.xpr
# Log file: C:/Users/james/OneDrive/Dokumente/Vivado/SoC_Projects/Stepper_Motor_v3/vivado.log
# Journal file: C:/Users/james/OneDrive/Dokumente/Vivado/SoC_Projects/Stepper_Motor_v3\vivado.jou
#-----------------------------------------------------------
start_gui
open_project C:/Users/james/OneDrive/Dokumente/Vivado/SoC_Projects/Stepper_Motor_v3/Stepper_Motor_v3.xpr
INFO: [Project 1-313] Project file moved from 'C:/Users/James Kibii/OneDrive/Dokumente/Vivado/SoC_Projects/Stepper_Motor_v3' since last save.
Scanning sources...
Finished scanning sources
INFO: [IP_Flow 19-234] Refreshing IP repositories
INFO: [IP_Flow 19-1700] Loaded user IP repository 'c:/Users/james/OneDrive/Dokumente/Vivado/Vector_Length_Mod_1/Vector_Length_Mod.srcs'.
INFO: [IP_Flow 19-2313] Loaded Vivado IP repository 'C:/Xilinx/Vivado/2018.2/data/ip'.
WARNING: [IP_Flow 19-3664] IP 'system_my_Vector_Length_Mod_0_0' generated file not found 'c:/Users/james/OneDrive/Dokumente/Users/James Kibii/OneDrive/Dokumente/Vivado/Vector_Length_Mod_1/Vector_Length_Mod.srcs/sources_1/new/my_Vector_Length_Mod.v'. Please regenerate to continue.
WARNING: [IP_Flow 19-3664] IP 'system_my_Vector_Length_Mod_0_0' generated file not found 'c:/Users/james/OneDrive/Dokumente/Users/James Kibii/OneDrive/Dokumente/Vivado/Vector_Length_Mod_1/Vector_Length_Mod.srcs/sources_1/new/my_Vector_Length_Mod.v'. Please regenerate to continue.
open_project: Time (s): cpu = 00:00:23 ; elapsed = 00:00:15 . Memory (MB): peak = 909.434 ; gain = 166.719
update_compile_order -fileset sources_1
open_bd_design {C:/Users/james/OneDrive/Dokumente/Vivado/SoC_Projects/Stepper_Motor_v3/Stepper_Motor_v3.srcs/sources_1/bd/system/system.bd}
Adding cell -- xilinx.com:ip:processing_system7:5.5 - processing_system7_0
Adding cell -- xilinx.com:ip:xadc_wiz:3.3 - xadc_wiz_0
Adding cell -- xilinx.com:ip:xlconstant:1.1 - xlconstant_0
Adding cell -- xilinx.com:ip:xlconcat:2.1 - xlconcat_0
Adding cell -- xilinx.com:user:my_Vector_Length_Mod:1.0 - my_Vector_Length_Mod_0
Adding cell -- xilinx.com:module_ref:spwm:1.0 - spwm_0
Adding cell -- xilinx.com:module_ref:speed_ctrl:1.0 - speed_ctrl_0
Adding cell -- xilinx.com:module_ref:step_changer:1.0 - step_changer_0
Successfully read diagram <system> from BD file <C:/Users/james/OneDrive/Dokumente/Vivado/SoC_Projects/Stepper_Motor_v3/Stepper_Motor_v3.srcs/sources_1/bd/system/system.bd>
open_bd_design: Time (s): cpu = 00:00:07 ; elapsed = 00:00:05 . Memory (MB): peak = 944.062 ; gain = 23.891
exit
INFO: [Common 17-206] Exiting Vivado at Thu Feb 18 17:44:41 2021...
