
*** Running vivado
    with args -log stepper_motor_rotary_top.vdi -applog -m64 -product Vivado -messageDb vivado.pb -mode batch -source stepper_motor_rotary_top.tcl -notrace


****** Vivado v2018.2 (64-bit)
  **** SW Build 2258646 on Thu Jun 14 20:03:12 MDT 2018
  **** IP Build 2256618 on Thu Jun 14 22:10:49 MDT 2018
    ** Copyright 1986-2018 Xilinx, Inc. All Rights Reserved.

source stepper_motor_rotary_top.tcl -notrace
INFO: [IP_Flow 19-234] Refreshing IP repositories
INFO: [IP_Flow 19-1704] No user IP repositories specified
INFO: [IP_Flow 19-2313] Loaded Vivado IP repository 'C:/Xilinx/Vivado/2018.2/data/ip'.
Command: link_design -top stepper_motor_rotary_top -part xc7z010clg400-1
Design is defaulting to srcset: sources_1
Design is defaulting to constrset: constrs_1
INFO: [Project 1-454] Reading design checkpoint 'c:/Users/james/OneDrive/Dokumente/Vivado/SoC_Projects/Stepper_Motor_Rotary/Stepper_Motor_Rotary.srcs/sources_1/bd/system/ip/system_processing_system7_0_0/system_processing_system7_0_0.dcp' for cell 'system_wrapper_i/system_i/processing_system7_0'
INFO: [Netlist 29-17] Analyzing 328 Unisim elements for replacement
INFO: [Netlist 29-28] Unisim Transformation completed in 0 CPU seconds
INFO: [Project 1-479] Netlist was created with Vivado 2018.2
INFO: [Device 21-403] Loading part xc7z010clg400-1
INFO: [Project 1-570] Preparing netlist for logic optimization
Parsing XDC File [c:/Users/james/OneDrive/Dokumente/Vivado/SoC_Projects/Stepper_Motor_Rotary/Stepper_Motor_Rotary.srcs/sources_1/bd/system/ip/system_processing_system7_0_0/system_processing_system7_0_0.xdc] for cell 'system_wrapper_i/system_i/processing_system7_0/inst'
Finished Parsing XDC File [c:/Users/james/OneDrive/Dokumente/Vivado/SoC_Projects/Stepper_Motor_Rotary/Stepper_Motor_Rotary.srcs/sources_1/bd/system/ip/system_processing_system7_0_0/system_processing_system7_0_0.xdc] for cell 'system_wrapper_i/system_i/processing_system7_0/inst'
Parsing XDC File [C:/Users/james/OneDrive/Dokumente/Vivado/SoC_Projects/Stepper_Motor_Rotary/Stepper_Motor_Rotary.srcs/constrs_1/new/Red_Pitaya.xdc]
Finished Parsing XDC File [C:/Users/james/OneDrive/Dokumente/Vivado/SoC_Projects/Stepper_Motor_Rotary/Stepper_Motor_Rotary.srcs/constrs_1/new/Red_Pitaya.xdc]
INFO: [Opt 31-138] Pushed 0 inverter(s) to 0 load pin(s).
INFO: [Project 1-111] Unisim Transformation Summary:
  A total of 8 instances were transformed.
  IOBUF => IOBUF (IBUF, OBUFT): 8 instances

11 Infos, 0 Warnings, 0 Critical Warnings and 0 Errors encountered.
link_design completed successfully
link_design: Time (s): cpu = 00:00:09 ; elapsed = 00:00:13 . Memory (MB): peak = 687.582 ; gain = 338.250
Command: opt_design
Attempting to get a license for feature 'Implementation' and/or device 'xc7z010'
INFO: [Common 17-349] Got license for feature 'Implementation' and/or device 'xc7z010'
Running DRC as a precondition to command opt_design

Starting DRC Task
INFO: [DRC 23-27] Running DRC with 2 threads
INFO: [Project 1-461] DRC finished with 0 Errors
INFO: [Project 1-462] Please refer to the DRC report (report_drc) for more information.

Time (s): cpu = 00:00:01 ; elapsed = 00:00:00.822 . Memory (MB): peak = 696.508 ; gain = 8.926

Starting Cache Timing Information Task
INFO: [Timing 38-35] Done setting XDC timing constraints.
Ending Cache Timing Information Task | Checksum: 173e86c08

Time (s): cpu = 00:00:11 ; elapsed = 00:00:12 . Memory (MB): peak = 1222.336 ; gain = 525.828

Starting Logic Optimization Task

Phase 1 Retarget
INFO: [Opt 31-138] Pushed 0 inverter(s) to 0 load pin(s).
INFO: [Opt 31-49] Retargeted 0 cell(s).
Phase 1 Retarget | Checksum: 1710ffeeb

Time (s): cpu = 00:00:00 ; elapsed = 00:00:00.128 . Memory (MB): peak = 1222.336 ; gain = 0.000
INFO: [Opt 31-389] Phase Retarget created 0 cells and removed 0 cells

Phase 2 Constant propagation
INFO: [Opt 31-138] Pushed 0 inverter(s) to 0 load pin(s).
Phase 2 Constant propagation | Checksum: 173e0926b

Time (s): cpu = 00:00:00 ; elapsed = 00:00:00.165 . Memory (MB): peak = 1222.336 ; gain = 0.000
INFO: [Opt 31-389] Phase Constant propagation created 0 cells and removed 0 cells

Phase 3 Sweep
Phase 3 Sweep | Checksum: 16b5a85ae

Time (s): cpu = 00:00:00 ; elapsed = 00:00:00.336 . Memory (MB): peak = 1222.336 ; gain = 0.000
INFO: [Opt 31-389] Phase Sweep created 0 cells and removed 88 cells

Phase 4 BUFG optimization
Phase 4 BUFG optimization | Checksum: 16b5a85ae

Time (s): cpu = 00:00:00 ; elapsed = 00:00:00.389 . Memory (MB): peak = 1222.336 ; gain = 0.000
INFO: [Opt 31-662] Phase BUFG optimization created 0 cells of which 0 are BUFGs and removed 0 cells.

Phase 5 Shift Register Optimization
Phase 5 Shift Register Optimization | Checksum: 1c6cc3705

Time (s): cpu = 00:00:00 ; elapsed = 00:00:00.472 . Memory (MB): peak = 1222.336 ; gain = 0.000
INFO: [Opt 31-389] Phase Shift Register Optimization created 0 cells and removed 0 cells

Phase 6 Post Processing Netlist
Phase 6 Post Processing Netlist | Checksum: 1c6cc3705

Time (s): cpu = 00:00:00 ; elapsed = 00:00:00.484 . Memory (MB): peak = 1222.336 ; gain = 0.000
INFO: [Opt 31-389] Phase Post Processing Netlist created 0 cells and removed 0 cells

Starting Connectivity Check Task

Time (s): cpu = 00:00:00 ; elapsed = 00:00:00.005 . Memory (MB): peak = 1222.336 ; gain = 0.000
Ending Logic Optimization Task | Checksum: 1c6cc3705

Time (s): cpu = 00:00:00 ; elapsed = 00:00:00.496 . Memory (MB): peak = 1222.336 ; gain = 0.000

Starting Power Optimization Task
INFO: [Pwropt 34-132] Skipping clock gating for clocks with a period < 2.00 ns.
Ending Power Optimization Task | Checksum: 1c6cc3705

Time (s): cpu = 00:00:00 ; elapsed = 00:00:00.015 . Memory (MB): peak = 1222.336 ; gain = 0.000

Starting Final Cleanup Task
Ending Final Cleanup Task | Checksum: 1c6cc3705

Time (s): cpu = 00:00:00 ; elapsed = 00:00:00 . Memory (MB): peak = 1222.336 ; gain = 0.000
INFO: [Common 17-83] Releasing license: Implementation
27 Infos, 0 Warnings, 0 Critical Warnings and 0 Errors encountered.
opt_design completed successfully
opt_design: Time (s): cpu = 00:00:12 ; elapsed = 00:00:14 . Memory (MB): peak = 1222.336 ; gain = 534.754
INFO: [Timing 38-480] Writing timing data to binary archive.
Writing placer database...
Writing XDEF routing.
Writing XDEF routing logical nets.
Writing XDEF routing special nets.
Write XDEF Complete: Time (s): cpu = 00:00:01 ; elapsed = 00:00:00.141 . Memory (MB): peak = 1222.336 ; gain = 0.000
INFO: [Common 17-1381] The checkpoint 'C:/Users/james/OneDrive/Dokumente/Vivado/SoC_Projects/Stepper_Motor_Rotary/Stepper_Motor_Rotary.runs/impl_1/stepper_motor_rotary_top_opt.dcp' has been generated.
INFO: [runtcl-4] Executing : report_drc -file stepper_motor_rotary_top_drc_opted.rpt -pb stepper_motor_rotary_top_drc_opted.pb -rpx stepper_motor_rotary_top_drc_opted.rpx
Command: report_drc -file stepper_motor_rotary_top_drc_opted.rpt -pb stepper_motor_rotary_top_drc_opted.pb -rpx stepper_motor_rotary_top_drc_opted.rpx
INFO: [DRC 23-27] Running DRC with 2 threads
INFO: [Coretcl 2-168] The results of DRC are in file C:/Users/james/OneDrive/Dokumente/Vivado/SoC_Projects/Stepper_Motor_Rotary/Stepper_Motor_Rotary.runs/impl_1/stepper_motor_rotary_top_drc_opted.rpt.
report_drc completed successfully
Command: place_design
Attempting to get a license for feature 'Implementation' and/or device 'xc7z010'
INFO: [Common 17-349] Got license for feature 'Implementation' and/or device 'xc7z010'
INFO: [DRC 23-27] Running DRC with 2 threads
INFO: [Vivado_Tcl 4-198] DRC finished with 0 Errors
INFO: [Vivado_Tcl 4-199] Please refer to the DRC report (report_drc) for more information.
Running DRC as a precondition to command place_design
INFO: [DRC 23-27] Running DRC with 2 threads
INFO: [Vivado_Tcl 4-198] DRC finished with 0 Errors
INFO: [Vivado_Tcl 4-199] Please refer to the DRC report (report_drc) for more information.

Starting Placer Task
INFO: [Place 30-611] Multithreading enabled for place_design using a maximum of 2 CPUs

Phase 1 Placer Initialization

Phase 1.1 Placer Initialization Netlist Sorting
Netlist sorting complete. Time (s): cpu = 00:00:00 ; elapsed = 00:00:00.004 . Memory (MB): peak = 1222.336 ; gain = 0.000
Phase 1.1 Placer Initialization Netlist Sorting | Checksum: e29ae08c

Time (s): cpu = 00:00:00 ; elapsed = 00:00:00.017 . Memory (MB): peak = 1222.336 ; gain = 0.000
Netlist sorting complete. Time (s): cpu = 00:00:00 ; elapsed = 00:00:00.001 . Memory (MB): peak = 1222.336 ; gain = 0.000

Phase 1.2 IO Placement/ Clock Placement/ Build Placer Device
INFO: [Timing 38-35] Done setting XDC timing constraints.
Phase 1.2 IO Placement/ Clock Placement/ Build Placer Device | Checksum: 148eb954a

Time (s): cpu = 00:00:02 ; elapsed = 00:00:02 . Memory (MB): peak = 1222.336 ; gain = 0.000

Phase 1.3 Build Placer Netlist Model
Phase 1.3 Build Placer Netlist Model | Checksum: 20f46ab03

Time (s): cpu = 00:00:03 ; elapsed = 00:00:03 . Memory (MB): peak = 1222.336 ; gain = 0.000

Phase 1.4 Constrain Clocks/Macros
Phase 1.4 Constrain Clocks/Macros | Checksum: 20f46ab03

Time (s): cpu = 00:00:03 ; elapsed = 00:00:03 . Memory (MB): peak = 1222.336 ; gain = 0.000
Phase 1 Placer Initialization | Checksum: 20f46ab03

Time (s): cpu = 00:00:03 ; elapsed = 00:00:03 . Memory (MB): peak = 1222.336 ; gain = 0.000

Phase 2 Global Placement

Phase 2.1 Floorplanning
Phase 2.1 Floorplanning | Checksum: 1803646b5

Time (s): cpu = 00:00:03 ; elapsed = 00:00:03 . Memory (MB): peak = 1222.336 ; gain = 0.000

Phase 2.2 Physical Synthesis In Placer
INFO: [Physopt 32-65] No nets found for high-fanout optimization.
INFO: [Physopt 32-232] Optimized 0 net. Created 0 new instance.
INFO: [Physopt 32-775] End 1 Pass. Optimized 0 net or cell. Created 0 new cell, deleted 0 existing cell and moved 0 existing cell
Netlist sorting complete. Time (s): cpu = 00:00:00 ; elapsed = 00:00:00.002 . Memory (MB): peak = 1222.336 ; gain = 0.000

Summary of Physical Synthesis Optimizations
============================================


-----------------------------------------------------------------------------------------------------------------------------
|  Optimization       |  Added Cells  |  Removed Cells  |  Optimized Cells/Nets  |  Dont Touch  |  Iterations  |  Elapsed   |
-----------------------------------------------------------------------------------------------------------------------------
|  Very High Fanout   |            0  |              0  |                     0  |           0  |           1  |  00:00:00  |
|  Total              |            0  |              0  |                     0  |           0  |           1  |  00:00:00  |
-----------------------------------------------------------------------------------------------------------------------------


Phase 2.2 Physical Synthesis In Placer | Checksum: 15954319f

Time (s): cpu = 00:00:06 ; elapsed = 00:00:04 . Memory (MB): peak = 1222.336 ; gain = 0.000
Phase 2 Global Placement | Checksum: 189ab72ab

Time (s): cpu = 00:00:06 ; elapsed = 00:00:04 . Memory (MB): peak = 1222.336 ; gain = 0.000

Phase 3 Detail Placement

Phase 3.1 Commit Multi Column Macros
Phase 3.1 Commit Multi Column Macros | Checksum: 189ab72ab

Time (s): cpu = 00:00:06 ; elapsed = 00:00:04 . Memory (MB): peak = 1222.336 ; gain = 0.000

Phase 3.2 Commit Most Macros & LUTRAMs
Phase 3.2 Commit Most Macros & LUTRAMs | Checksum: 672ddcc9

Time (s): cpu = 00:00:06 ; elapsed = 00:00:05 . Memory (MB): peak = 1222.336 ; gain = 0.000

Phase 3.3 Area Swap Optimization
Phase 3.3 Area Swap Optimization | Checksum: ab9e7102

Time (s): cpu = 00:00:06 ; elapsed = 00:00:05 . Memory (MB): peak = 1222.336 ; gain = 0.000

Phase 3.4 Pipeline Register Optimization
Phase 3.4 Pipeline Register Optimization | Checksum: ab9e7102

Time (s): cpu = 00:00:06 ; elapsed = 00:00:05 . Memory (MB): peak = 1222.336 ; gain = 0.000

Phase 3.5 Small Shape Detail Placement
Phase 3.5 Small Shape Detail Placement | Checksum: 132e57bfd

Time (s): cpu = 00:00:07 ; elapsed = 00:00:05 . Memory (MB): peak = 1222.336 ; gain = 0.000

Phase 3.6 Re-assign LUT pins
Phase 3.6 Re-assign LUT pins | Checksum: 16aa6fb9f

Time (s): cpu = 00:00:07 ; elapsed = 00:00:05 . Memory (MB): peak = 1222.336 ; gain = 0.000

Phase 3.7 Pipeline Register Optimization
Phase 3.7 Pipeline Register Optimization | Checksum: 16aa6fb9f

Time (s): cpu = 00:00:07 ; elapsed = 00:00:05 . Memory (MB): peak = 1222.336 ; gain = 0.000
Phase 3 Detail Placement | Checksum: 16aa6fb9f

Time (s): cpu = 00:00:07 ; elapsed = 00:00:05 . Memory (MB): peak = 1222.336 ; gain = 0.000

Phase 4 Post Placement Optimization and Clean-Up

Phase 4.1 Post Commit Optimization
INFO: [Timing 38-35] Done setting XDC timing constraints.

Phase 4.1.1 Post Placement Optimization
Post Placement Optimization Initialization | Checksum: 1375f65a1

Phase 4.1.1.1 BUFG Insertion
INFO: [Place 46-31] BUFG insertion identified 0 candidate nets, 0 success, 0 skipped for placement/routing, 0 skipped for timing, 0 skipped for netlist change reason.
Phase 4.1.1.1 BUFG Insertion | Checksum: 1375f65a1

Time (s): cpu = 00:00:07 ; elapsed = 00:00:05 . Memory (MB): peak = 1231.871 ; gain = 9.535
INFO: [Place 30-746] Post Placement Timing Summary WNS=14.879. For the most accurate timing information please run report_timing.
Phase 4.1.1 Post Placement Optimization | Checksum: 11456c43b

Time (s): cpu = 00:00:07 ; elapsed = 00:00:05 . Memory (MB): peak = 1231.871 ; gain = 9.535
Phase 4.1 Post Commit Optimization | Checksum: 11456c43b

Time (s): cpu = 00:00:07 ; elapsed = 00:00:05 . Memory (MB): peak = 1231.871 ; gain = 9.535

Phase 4.2 Post Placement Cleanup
Phase 4.2 Post Placement Cleanup | Checksum: 11456c43b

Time (s): cpu = 00:00:07 ; elapsed = 00:00:05 . Memory (MB): peak = 1231.871 ; gain = 9.535

Phase 4.3 Placer Reporting
Phase 4.3 Placer Reporting | Checksum: 11456c43b

Time (s): cpu = 00:00:07 ; elapsed = 00:00:05 . Memory (MB): peak = 1231.871 ; gain = 9.535

Phase 4.4 Final Placement Cleanup
Phase 4.4 Final Placement Cleanup | Checksum: 1031b706b

Time (s): cpu = 00:00:07 ; elapsed = 00:00:05 . Memory (MB): peak = 1231.871 ; gain = 9.535
Phase 4 Post Placement Optimization and Clean-Up | Checksum: 1031b706b

Time (s): cpu = 00:00:07 ; elapsed = 00:00:05 . Memory (MB): peak = 1231.871 ; gain = 9.535
Ending Placer Task | Checksum: a558f883

Time (s): cpu = 00:00:07 ; elapsed = 00:00:05 . Memory (MB): peak = 1231.871 ; gain = 9.535
INFO: [Common 17-83] Releasing license: Implementation
48 Infos, 0 Warnings, 0 Critical Warnings and 0 Errors encountered.
place_design completed successfully
place_design: Time (s): cpu = 00:00:09 ; elapsed = 00:00:07 . Memory (MB): peak = 1231.871 ; gain = 9.535
INFO: [Timing 38-480] Writing timing data to binary archive.
Writing placer database...
Writing XDEF routing.
Writing XDEF routing logical nets.
Writing XDEF routing special nets.
Write XDEF Complete: Time (s): cpu = 00:00:01 ; elapsed = 00:00:00.224 . Memory (MB): peak = 1240.949 ; gain = 9.078
INFO: [Common 17-1381] The checkpoint 'C:/Users/james/OneDrive/Dokumente/Vivado/SoC_Projects/Stepper_Motor_Rotary/Stepper_Motor_Rotary.runs/impl_1/stepper_motor_rotary_top_placed.dcp' has been generated.
INFO: [runtcl-4] Executing : report_io -file stepper_motor_rotary_top_io_placed.rpt
report_io: Time (s): cpu = 00:00:00 ; elapsed = 00:00:00.074 . Memory (MB): peak = 1240.949 ; gain = 0.000
INFO: [runtcl-4] Executing : report_utilization -file stepper_motor_rotary_top_utilization_placed.rpt -pb stepper_motor_rotary_top_utilization_placed.pb
report_utilization: Time (s): cpu = 00:00:01 ; elapsed = 00:00:00.040 . Memory (MB): peak = 1240.949 ; gain = 0.000
INFO: [runtcl-4] Executing : report_control_sets -verbose -file stepper_motor_rotary_top_control_sets_placed.rpt
report_control_sets: Time (s): cpu = 00:00:00 ; elapsed = 00:00:00.010 . Memory (MB): peak = 1240.949 ; gain = 0.000
Command: route_design
Attempting to get a license for feature 'Implementation' and/or device 'xc7z010'
INFO: [Common 17-349] Got license for feature 'Implementation' and/or device 'xc7z010'
Running DRC as a precondition to command route_design
INFO: [DRC 23-27] Running DRC with 2 threads
INFO: [Vivado_Tcl 4-198] DRC finished with 0 Errors
INFO: [Vivado_Tcl 4-199] Please refer to the DRC report (report_drc) for more information.


Starting Routing Task
INFO: [Route 35-254] Multithreading enabled for route_design using a maximum of 2 CPUs
Checksum: PlaceDB: 9c58d60c ConstDB: 0 ShapeSum: 9002277 RouteDB: 0

Phase 1 Build RT Design
Phase 1 Build RT Design | Checksum: 14318bec

Time (s): cpu = 00:00:15 ; elapsed = 00:00:13 . Memory (MB): peak = 1298.414 ; gain = 57.465
Post Restoration Checksum: NetGraph: 3a2df54 NumContArr: 108eac98 Constraints: 0 Timing: 0

Phase 2 Router Initialization

Phase 2.1 Create Timer
Phase 2.1 Create Timer | Checksum: 14318bec

Time (s): cpu = 00:00:15 ; elapsed = 00:00:13 . Memory (MB): peak = 1298.414 ; gain = 57.465

Phase 2.2 Fix Topology Constraints
Phase 2.2 Fix Topology Constraints | Checksum: 14318bec

Time (s): cpu = 00:00:15 ; elapsed = 00:00:13 . Memory (MB): peak = 1304.414 ; gain = 63.465

Phase 2.3 Pre Route Cleanup
Phase 2.3 Pre Route Cleanup | Checksum: 14318bec

Time (s): cpu = 00:00:15 ; elapsed = 00:00:13 . Memory (MB): peak = 1304.414 ; gain = 63.465
 Number of Nodes with overlaps = 0

Phase 2.4 Update Timing
Phase 2.4 Update Timing | Checksum: 18e8a0e6a

Time (s): cpu = 00:00:16 ; elapsed = 00:00:14 . Memory (MB): peak = 1307.449 ; gain = 66.500
INFO: [Route 35-416] Intermediate Timing Summary | WNS=14.845 | TNS=0.000  | WHS=-0.044 | THS=-0.112 |

Phase 2 Router Initialization | Checksum: 1955dda5d

Time (s): cpu = 00:00:16 ; elapsed = 00:00:14 . Memory (MB): peak = 1310.262 ; gain = 69.312

Phase 3 Initial Routing
Phase 3 Initial Routing | Checksum: 1cda589c8

Time (s): cpu = 00:00:16 ; elapsed = 00:00:14 . Memory (MB): peak = 1310.262 ; gain = 69.312

Phase 4 Rip-up And Reroute

Phase 4.1 Global Iteration 0
 Number of Nodes with overlaps = 151
 Number of Nodes with overlaps = 0
INFO: [Route 35-416] Intermediate Timing Summary | WNS=14.245 | TNS=0.000  | WHS=N/A    | THS=N/A    |

Phase 4.1 Global Iteration 0 | Checksum: 13c1d5791

Time (s): cpu = 00:00:16 ; elapsed = 00:00:14 . Memory (MB): peak = 1310.262 ; gain = 69.312
Phase 4 Rip-up And Reroute | Checksum: 13c1d5791

Time (s): cpu = 00:00:16 ; elapsed = 00:00:14 . Memory (MB): peak = 1310.262 ; gain = 69.312

Phase 5 Delay and Skew Optimization

Phase 5.1 Delay CleanUp

Phase 5.1.1 Update Timing
Phase 5.1.1 Update Timing | Checksum: 15c4b2d83

Time (s): cpu = 00:00:16 ; elapsed = 00:00:14 . Memory (MB): peak = 1310.262 ; gain = 69.312
INFO: [Route 35-416] Intermediate Timing Summary | WNS=14.360 | TNS=0.000  | WHS=N/A    | THS=N/A    |

Phase 5.1 Delay CleanUp | Checksum: 15c4b2d83

Time (s): cpu = 00:00:16 ; elapsed = 00:00:14 . Memory (MB): peak = 1310.262 ; gain = 69.312

Phase 5.2 Clock Skew Optimization
Phase 5.2 Clock Skew Optimization | Checksum: 15c4b2d83

Time (s): cpu = 00:00:16 ; elapsed = 00:00:14 . Memory (MB): peak = 1310.262 ; gain = 69.312
Phase 5 Delay and Skew Optimization | Checksum: 15c4b2d83

Time (s): cpu = 00:00:16 ; elapsed = 00:00:14 . Memory (MB): peak = 1310.262 ; gain = 69.312

Phase 6 Post Hold Fix

Phase 6.1 Hold Fix Iter

Phase 6.1.1 Update Timing
Phase 6.1.1 Update Timing | Checksum: ac581f45

Time (s): cpu = 00:00:16 ; elapsed = 00:00:14 . Memory (MB): peak = 1310.262 ; gain = 69.312
INFO: [Route 35-416] Intermediate Timing Summary | WNS=14.360 | TNS=0.000  | WHS=0.237  | THS=0.000  |

Phase 6.1 Hold Fix Iter | Checksum: 114055eae

Time (s): cpu = 00:00:16 ; elapsed = 00:00:14 . Memory (MB): peak = 1310.262 ; gain = 69.312
Phase 6 Post Hold Fix | Checksum: 114055eae

Time (s): cpu = 00:00:16 ; elapsed = 00:00:14 . Memory (MB): peak = 1310.262 ; gain = 69.312

Phase 7 Route finalize

Router Utilization Summary
  Global Vertical Routing Utilization    = 0.275479 %
  Global Horizontal Routing Utilization  = 0.319623 %
  Routable Net Status*
  *Does not include unroutable nets such as driverless and loadless.
  Run report_route_status for detailed report.
  Number of Failed Nets               = 0
  Number of Unrouted Nets             = 0
  Number of Partially Routed Nets     = 0
  Number of Node Overlaps             = 0

Phase 7 Route finalize | Checksum: c24245ae

Time (s): cpu = 00:00:17 ; elapsed = 00:00:14 . Memory (MB): peak = 1310.262 ; gain = 69.312

Phase 8 Verifying routed nets

 Verification completed successfully
Phase 8 Verifying routed nets | Checksum: c24245ae

Time (s): cpu = 00:00:17 ; elapsed = 00:00:14 . Memory (MB): peak = 1312.336 ; gain = 71.387

Phase 9 Depositing Routes
Phase 9 Depositing Routes | Checksum: ba4034f0

Time (s): cpu = 00:00:17 ; elapsed = 00:00:14 . Memory (MB): peak = 1312.336 ; gain = 71.387

Phase 10 Post Router Timing
INFO: [Route 35-57] Estimated Timing Summary | WNS=14.360 | TNS=0.000  | WHS=0.237  | THS=0.000  |

INFO: [Route 35-327] The final timing numbers are based on the router estimated timing analysis. For a complete and accurate timing signoff, please run report_timing_summary.
Phase 10 Post Router Timing | Checksum: ba4034f0

Time (s): cpu = 00:00:17 ; elapsed = 00:00:14 . Memory (MB): peak = 1312.336 ; gain = 71.387
INFO: [Route 35-16] Router Completed Successfully

Time (s): cpu = 00:00:17 ; elapsed = 00:00:14 . Memory (MB): peak = 1312.336 ; gain = 71.387

Routing Is Done.
INFO: [Common 17-83] Releasing license: Implementation
66 Infos, 0 Warnings, 0 Critical Warnings and 0 Errors encountered.
route_design completed successfully
route_design: Time (s): cpu = 00:00:20 ; elapsed = 00:00:17 . Memory (MB): peak = 1312.336 ; gain = 71.387
INFO: [Timing 38-480] Writing timing data to binary archive.
Writing placer database...
Writing XDEF routing.
Writing XDEF routing logical nets.
Writing XDEF routing special nets.
Write XDEF Complete: Time (s): cpu = 00:00:01 ; elapsed = 00:00:00.292 . Memory (MB): peak = 1316.797 ; gain = 4.461
INFO: [Common 17-1381] The checkpoint 'C:/Users/james/OneDrive/Dokumente/Vivado/SoC_Projects/Stepper_Motor_Rotary/Stepper_Motor_Rotary.runs/impl_1/stepper_motor_rotary_top_routed.dcp' has been generated.
INFO: [runtcl-4] Executing : report_drc -file stepper_motor_rotary_top_drc_routed.rpt -pb stepper_motor_rotary_top_drc_routed.pb -rpx stepper_motor_rotary_top_drc_routed.rpx
Command: report_drc -file stepper_motor_rotary_top_drc_routed.rpt -pb stepper_motor_rotary_top_drc_routed.pb -rpx stepper_motor_rotary_top_drc_routed.rpx
INFO: [DRC 23-27] Running DRC with 2 threads
INFO: [Coretcl 2-168] The results of DRC are in file C:/Users/james/OneDrive/Dokumente/Vivado/SoC_Projects/Stepper_Motor_Rotary/Stepper_Motor_Rotary.runs/impl_1/stepper_motor_rotary_top_drc_routed.rpt.
report_drc completed successfully
INFO: [runtcl-4] Executing : report_methodology -file stepper_motor_rotary_top_methodology_drc_routed.rpt -pb stepper_motor_rotary_top_methodology_drc_routed.pb -rpx stepper_motor_rotary_top_methodology_drc_routed.rpx
Command: report_methodology -file stepper_motor_rotary_top_methodology_drc_routed.rpt -pb stepper_motor_rotary_top_methodology_drc_routed.pb -rpx stepper_motor_rotary_top_methodology_drc_routed.rpx
INFO: [Timing 38-35] Done setting XDC timing constraints.
INFO: [Timing 38-35] Done setting XDC timing constraints.
INFO: [DRC 23-133] Running Methodology with 2 threads
INFO: [Coretcl 2-1520] The results of Report Methodology are in file C:/Users/james/OneDrive/Dokumente/Vivado/SoC_Projects/Stepper_Motor_Rotary/Stepper_Motor_Rotary.runs/impl_1/stepper_motor_rotary_top_methodology_drc_routed.rpt.
report_methodology completed successfully
INFO: [runtcl-4] Executing : report_power -file stepper_motor_rotary_top_power_routed.rpt -pb stepper_motor_rotary_top_power_summary_routed.pb -rpx stepper_motor_rotary_top_power_routed.rpx
Command: report_power -file stepper_motor_rotary_top_power_routed.rpt -pb stepper_motor_rotary_top_power_summary_routed.pb -rpx stepper_motor_rotary_top_power_routed.rpx
INFO: [Timing 38-35] Done setting XDC timing constraints.
Running Vector-less Activity Propagation...

Finished Running Vector-less Activity Propagation
78 Infos, 0 Warnings, 0 Critical Warnings and 0 Errors encountered.
report_power completed successfully
INFO: [runtcl-4] Executing : report_route_status -file stepper_motor_rotary_top_route_status.rpt -pb stepper_motor_rotary_top_route_status.pb
INFO: [runtcl-4] Executing : report_timing_summary -max_paths 10 -file stepper_motor_rotary_top_timing_summary_routed.rpt -pb stepper_motor_rotary_top_timing_summary_routed.pb -rpx stepper_motor_rotary_top_timing_summary_routed.rpx -warn_on_violation 
INFO: [Timing 38-91] UpdateTimingParams: Speed grade: -1, Delay Type: min_max, Timing Stage: Requireds.
INFO: [Timing 38-191] Multithreading enabled for timing update using a maximum of 2 CPUs
INFO: [runtcl-4] Executing : report_incremental_reuse -file stepper_motor_rotary_top_incremental_reuse_routed.rpt
INFO: [Vivado_Tcl 4-545] No incremental reuse to report, no incremental placement and routing data was found.
INFO: [runtcl-4] Executing : report_clock_utilization -file stepper_motor_rotary_top_clock_utilization_routed.rpt
INFO: [runtcl-4] Executing : report_bus_skew -warn_on_violation -file stepper_motor_rotary_top_bus_skew_routed.rpt -pb stepper_motor_rotary_top_bus_skew_routed.pb -rpx stepper_motor_rotary_top_bus_skew_routed.rpx
INFO: [Timing 38-91] UpdateTimingParams: Speed grade: -1, Delay Type: min_max, Timing Stage: Requireds.
INFO: [Timing 38-191] Multithreading enabled for timing update using a maximum of 2 CPUs
INFO: [Common 17-206] Exiting Vivado at Sun Feb 28 12:53:38 2021...

*** Running vivado
    with args -log stepper_motor_rotary_top.vdi -applog -m64 -product Vivado -messageDb vivado.pb -mode batch -source stepper_motor_rotary_top.tcl -notrace


****** Vivado v2018.2 (64-bit)
  **** SW Build 2258646 on Thu Jun 14 20:03:12 MDT 2018
  **** IP Build 2256618 on Thu Jun 14 22:10:49 MDT 2018
    ** Copyright 1986-2018 Xilinx, Inc. All Rights Reserved.

source stepper_motor_rotary_top.tcl -notrace
Command: open_checkpoint stepper_motor_rotary_top_routed.dcp

Starting open_checkpoint Task

Time (s): cpu = 00:00:00 ; elapsed = 00:00:00.036 . Memory (MB): peak = 238.375 ; gain = 0.000
INFO: [Netlist 29-17] Analyzing 328 Unisim elements for replacement
INFO: [Netlist 29-28] Unisim Transformation completed in 0 CPU seconds
WARNING: [Netlist 29-101] Netlist 'stepper_motor_rotary_top' is not ideal for floorplanning, since the cellview 'spwm' contains a large number of primitives.  Please consider enabling hierarchy in synthesis if you want to do floorplanning.
INFO: [Project 1-479] Netlist was created with Vivado 2018.2
INFO: [Device 21-403] Loading part xc7z010clg400-1
INFO: [Project 1-570] Preparing netlist for logic optimization
INFO: [Timing 38-478] Restoring timing data from binary archive.
INFO: [Timing 38-479] Binary timing data restore complete.
INFO: [Project 1-856] Restoring constraints from binary archive.
INFO: [Project 1-853] Binary constraint restore complete.
Reading XDEF placement.
Reading placer database...
Reading XDEF routing.
Read XDEF File: Time (s): cpu = 00:00:00 ; elapsed = 00:00:00.539 . Memory (MB): peak = 1132.152 ; gain = 0.000
Restored from archive | CPU: 0.000000 secs | Memory: 0.000000 MB |
Finished XDEF File Restore: Time (s): cpu = 00:00:00 ; elapsed = 00:00:00.540 . Memory (MB): peak = 1132.152 ; gain = 0.000
INFO: [Project 1-111] Unisim Transformation Summary:
  A total of 8 instances were transformed.
  IOBUF => IOBUF (IBUF, OBUFT): 8 instances

INFO: [Project 1-604] Checkpoint was created with Vivado v2018.2 (64-bit) build 2258646
open_checkpoint: Time (s): cpu = 00:00:19 ; elapsed = 00:00:23 . Memory (MB): peak = 1132.152 ; gain = 902.637
Command: write_bitstream -force stepper_motor_rotary_top.bit
Attempting to get a license for feature 'Implementation' and/or device 'xc7z010'
INFO: [Common 17-349] Got license for feature 'Implementation' and/or device 'xc7z010'
Running DRC as a precondition to command write_bitstream
INFO: [IP_Flow 19-234] Refreshing IP repositories
INFO: [IP_Flow 19-1704] No user IP repositories specified
INFO: [IP_Flow 19-2313] Loaded Vivado IP repository 'C:/Xilinx/Vivado/2018.2/data/ip'.
INFO: [DRC 23-27] Running DRC with 2 threads
WARNING: [DRC BUFC-1] Input Buffer Connections: Input buffer exp_iobuf_n[1].i_iobufn/IBUF has no loads. It is recommended to have an input buffer drive an internal load.
WARNING: [DRC BUFC-1] Input Buffer Connections: Input buffer exp_iobuf_n[2].i_iobufn/IBUF has no loads. It is recommended to have an input buffer drive an internal load.
WARNING: [DRC BUFC-1] Input Buffer Connections: Input buffer exp_iobuf_n[3].i_iobufn/IBUF has no loads. It is recommended to have an input buffer drive an internal load.
WARNING: [DRC BUFC-1] Input Buffer Connections: Input buffer exp_iobuf_n[4].i_iobufn/IBUF has no loads. It is recommended to have an input buffer drive an internal load.
WARNING: [DRC BUFC-1] Input Buffer Connections: Input buffer exp_iobuf_p[0].i_iobufp/IBUF has no loads. It is recommended to have an input buffer drive an internal load.
INFO: [Vivado 12-3199] DRC finished with 0 Errors, 5 Warnings
INFO: [Vivado 12-3200] Please refer to the DRC report (report_drc) for more information.
INFO: [Designutils 20-2272] Running write_bitstream with 2 threads.
Loading data files...
Loading site data...
Loading route data...
Processing options...
Creating bitmap...
Creating bitstream...
Writing bitstream ./stepper_motor_rotary_top.bit...
INFO: [Vivado 12-1842] Bitgen Completed Successfully.
INFO: [Project 1-120] WebTalk data collection is mandatory when using a WebPACK part without a full Vivado license. To see the specific WebTalk data collected for your design, open the usage_statistics_webtalk.html or usage_statistics_webtalk.xml file in the implementation directory.
INFO: [Common 17-83] Releasing license: Implementation
22 Infos, 6 Warnings, 0 Critical Warnings and 0 Errors encountered.
write_bitstream completed successfully
write_bitstream: Time (s): cpu = 00:00:16 ; elapsed = 00:00:16 . Memory (MB): peak = 1598.094 ; gain = 465.941
INFO: [Common 17-206] Exiting Vivado at Sun Feb 28 12:54:41 2021...
