#-----------------------------------------------------------
# Vivado v2018.2 (64-bit)
# SW Build 2258646 on Thu Jun 14 20:03:12 MDT 2018
# IP Build 2256618 on Thu Jun 14 22:10:49 MDT 2018
# Start of session at: Thu Feb  4 20:03:18 2021
# Process ID: 10832
# Current directory: C:/Users/James Kibii/OneDrive/Dokumente/Vivado/SoC_Projects/Stepper_Motor_v2
# Command line: vivado.exe -gui_launcher_event rodinguilauncherevent13940 C:\Users\James Kibii\OneDrive\Dokumente\Vivado\SoC_Projects\Stepper_Motor_v2\Stepper_Motor.xpr
# Log file: C:/Users/James Kibii/OneDrive/Dokumente/Vivado/SoC_Projects/Stepper_Motor_v2/vivado.log
# Journal file: C:/Users/James Kibii/OneDrive/Dokumente/Vivado/SoC_Projects/Stepper_Motor_v2\vivado.jou
#-----------------------------------------------------------
start_gui
open_project {C:/Users/James Kibii/OneDrive/Dokumente/Vivado/SoC_Projects/Stepper_Motor_v2/Stepper_Motor.xpr}
INFO: [Project 1-313] Project file moved from 'C:/Users/James Kibii/OneDrive/Dokumente/Vivado/Stepper_Motor' since last save.
Scanning sources...
Finished scanning sources
INFO: [filemgmt 56-1] IP Repository Path: Directory not found as 'C:/Users/James Kibii/OneDrive/Dokumente/Vivado/SoC_Projects/Vector_Length_Mod/Vector_Length_Mod.srcs'; using path 'C:/Users/James Kibii/OneDrive/Dokumente/Vivado/Vector_Length_Mod/Vector_Length_Mod.srcs' instead.
INFO: [IP_Flow 19-234] Refreshing IP repositories
INFO: [IP_Flow 19-1700] Loaded user IP repository 'c:/Users/James Kibii/OneDrive/Dokumente/Vivado/Vector_Length_Mod/Vector_Length_Mod.srcs'.
INFO: [IP_Flow 19-2313] Loaded Vivado IP repository 'C:/Xilinx/Vivado/2018.2/data/ip'.
open_project: Time (s): cpu = 00:00:36 ; elapsed = 00:00:18 . Memory (MB): peak = 890.738 ; gain = 144.930
update_compile_order -fileset sources_1
