#-----------------------------------------------------------
# Vivado v2018.2 (64-bit)
# SW Build 2258646 on Thu Jun 14 20:03:12 MDT 2018
# IP Build 2256618 on Thu Jun 14 22:10:49 MDT 2018
# Start of session at: Thu Feb  4 20:26:23 2021
# Process ID: 3060
# Current directory: C:/Users/James Kibii/OneDrive/Dokumente/Vivado/SoC_Projects/Stepper_Motor_v2
# Command line: vivado.exe -gui_launcher_event rodinguilauncherevent10044 C:\Users\James Kibii\OneDrive\Dokumente\Vivado\SoC_Projects\Stepper_Motor_v2\Stepper_Motor.xpr
# Log file: C:/Users/James Kibii/OneDrive/Dokumente/Vivado/SoC_Projects/Stepper_Motor_v2/vivado.log
# Journal file: C:/Users/James Kibii/OneDrive/Dokumente/Vivado/SoC_Projects/Stepper_Motor_v2\vivado.jou
#-----------------------------------------------------------
start_gui
open_project {C:/Users/James Kibii/OneDrive/Dokumente/Vivado/SoC_Projects/Stepper_Motor_v2/Stepper_Motor.xpr}
INFO: [Project 1-313] Project file moved from 'C:/Users/James Kibii/OneDrive/Dokumente/Vivado/Stepper_Motor' since last save.
Scanning sources...
Finished scanning sources
INFO: [filemgmt 56-1] IP Repository Path: Directory not found as 'C:/Users/James Kibii/OneDrive/Dokumente/Vivado/SoC_Projects/Vector_Length_Mod/Vector_Length_Mod.srcs'; using path 'C:/Users/James Kibii/OneDrive/Dokumente/Vivado/Vector_Length_Mod/Vector_Length_Mod.srcs' instead.
INFO: [IP_Flow 19-234] Refreshing IP repositories
INFO: [IP_Flow 19-1700] Loaded user IP repository 'c:/Users/James Kibii/OneDrive/Dokumente/Vivado/Vector_Length_Mod/Vector_Length_Mod.srcs'.
INFO: [IP_Flow 19-2313] Loaded Vivado IP repository 'C:/Xilinx/Vivado/2018.2/data/ip'.
open_project: Time (s): cpu = 00:00:32 ; elapsed = 00:00:18 . Memory (MB): peak = 899.688 ; gain = 154.434
update_compile_order -fileset sources_1
open_bd_design {C:/Users/James Kibii/OneDrive/Dokumente/Vivado/SoC_Projects/Stepper_Motor_v2/Stepper_Motor.srcs/sources_1/bd/system/system.bd}
Adding cell -- xilinx.com:ip:processing_system7:5.5 - processing_system7_0
Adding cell -- xilinx.com:ip:xadc_wiz:3.3 - xadc_wiz_0
Adding cell -- xilinx.com:ip:xlconstant:1.1 - xlconstant_0
Adding cell -- xilinx.com:ip:xlconcat:2.1 - xlconcat_0
Adding cell -- xilinx.com:module_ref:speed_ctrl:1.0 - speed_ctrl_0
Successfully read diagram <system> from BD file <C:/Users/James Kibii/OneDrive/Dokumente/Vivado/SoC_Projects/Stepper_Motor_v2/Stepper_Motor.srcs/sources_1/bd/system/system.bd>
open_bd_design: Time (s): cpu = 00:00:08 ; elapsed = 00:00:06 . Memory (MB): peak = 946.895 ; gain = 24.688
exit
INFO: [Common 17-206] Exiting Vivado at Thu Feb  4 23:50:12 2021...
