#-----------------------------------------------------------
# Vivado v2018.2 (64-bit)
# SW Build 2258646 on Thu Jun 14 20:03:12 MDT 2018
# IP Build 2256618 on Thu Jun 14 22:10:49 MDT 2018
# Start of session at: Thu Feb 18 20:35:46 2021
# Process ID: 11972
# Current directory: C:/Users/james/OneDrive/Dokumente/Vivado/SoC_Projects/Stepper_Motor_v2
# Command line: vivado.exe -gui_launcher_event rodinguilauncherevent13672 C:\Users\james\OneDrive\Dokumente\Vivado\SoC_Projects\Stepper_Motor_v2\Stepper_Motor.xpr
# Log file: C:/Users/james/OneDrive/Dokumente/Vivado/SoC_Projects/Stepper_Motor_v2/vivado.log
# Journal file: C:/Users/james/OneDrive/Dokumente/Vivado/SoC_Projects/Stepper_Motor_v2\vivado.jou
#-----------------------------------------------------------
start_gui
open_project C:/Users/james/OneDrive/Dokumente/Vivado/SoC_Projects/Stepper_Motor_v2/Stepper_Motor.xpr
INFO: [Project 1-313] Project file moved from 'C:/Users/James Kibii/OneDrive/Dokumente/Vivado/Stepper_Motor' since last save.
Scanning sources...
Finished scanning sources
WARNING: [filemgmt 56-2] IP Repository Path: Could not find the directory 'C:/Users/james/OneDrive/Dokumente/Vivado/SoC_Projects/Vector_Length_Mod/Vector_Length_Mod.srcs', nor could it be found using path 'C:/Users/James Kibii/OneDrive/Dokumente/Vivado/Vector_Length_Mod/Vector_Length_Mod.srcs'.
INFO: [IP_Flow 19-234] Refreshing IP repositories
WARNING: [IP_Flow 19-2248] Failed to load user IP repository 'c:/Users/james/OneDrive/Dokumente/Vivado/SoC_Projects/Vector_Length_Mod/Vector_Length_Mod.srcs'; Can't find the specified path.
If this directory should no longer be in your list of user repositories, go to the IP Settings dialog and remove it.
INFO: [IP_Flow 19-2313] Loaded Vivado IP repository 'C:/Xilinx/Vivado/2018.2/data/ip'.
open_project: Time (s): cpu = 00:00:20 ; elapsed = 00:00:11 . Memory (MB): peak = 814.988 ; gain = 151.789
update_compile_order -fileset sources_1
exit
INFO: [Common 17-206] Exiting Vivado at Fri Feb 19 12:26:05 2021...
