#-----------------------------------------------------------
# Vivado v2018.2 (64-bit)
# SW Build 2258646 on Thu Jun 14 20:03:12 MDT 2018
# IP Build 2256618 on Thu Jun 14 22:10:49 MDT 2018
# Start of session at: Thu Feb  4 20:20:27 2021
# Process ID: 11468
# Current directory: C:/Users/James Kibii/OneDrive/Dokumente/Vivado/SoC_Projects/Stepper_Motor_v1
# Command line: vivado.exe -gui_launcher_event rodinguilauncherevent6544 C:\Users\James Kibii\OneDrive\Dokumente\Vivado\SoC_Projects\Stepper_Motor_v1\Stepper_Motor.xpr
# Log file: C:/Users/James Kibii/OneDrive/Dokumente/Vivado/SoC_Projects/Stepper_Motor_v1/vivado.log
# Journal file: C:/Users/James Kibii/OneDrive/Dokumente/Vivado/SoC_Projects/Stepper_Motor_v1\vivado.jou
#-----------------------------------------------------------
start_gui
open_project {C:/Users/James Kibii/OneDrive/Dokumente/Vivado/SoC_Projects/Stepper_Motor_v1/Stepper_Motor.xpr}
INFO: [Project 1-313] Project file moved from 'C:/Users/James Kibii/OneDrive/Dokumente/Vivado/Stepper_Motor' since last save.
Scanning sources...
Finished scanning sources
INFO: [IP_Flow 19-234] Refreshing IP repositories
INFO: [IP_Flow 19-1704] No user IP repositories specified
INFO: [IP_Flow 19-2313] Loaded Vivado IP repository 'C:/Xilinx/Vivado/2018.2/data/ip'.
open_project: Time (s): cpu = 00:00:24 ; elapsed = 00:00:12 . Memory (MB): peak = 891.309 ; gain = 152.227exit
INFO: [Common 17-206] Exiting Vivado at Thu Feb  4 20:21:56 2021...

