Copyright 1986-2018 Xilinx, Inc. All Rights Reserved.
---------------------------------------------------------------------------------------------------------------------------------------------------------------------
| Tool Version : Vivado v.2018.2 (win64) Build 2258646 Thu Jun 14 20:03:12 MDT 2018
| Date         : Tue Mar  2 21:35:19 2021
| Host         : DESKTOP-P7J4UQ2 running 64-bit major release  (build 9200)
| Command      : report_drc -file unipolar_stepper_motor_top_drc_opted.rpt -pb unipolar_stepper_motor_top_drc_opted.pb -rpx unipolar_stepper_motor_top_drc_opted.rpx
| Design       : unipolar_stepper_motor_top
| Device       : xc7z010clg400-1
| Speed File   : -1
| Design State : Synthesized
---------------------------------------------------------------------------------------------------------------------------------------------------------------------

Report DRC

Table of Contents
-----------------
1. REPORT SUMMARY
2. REPORT DETAILS

1. REPORT SUMMARY
-----------------
            Netlist: netlist
          Floorplan: design_1
      Design limits: <entire design considered>
           Ruledeck: default
             Max violations: <unlimited>
             Violations found: 5
+--------+----------+--------------------------+------------+
| Rule   | Severity | Description              | Violations |
+--------+----------+--------------------------+------------+
| BUFC-1 | Warning  | Input Buffer Connections | 5          |
+--------+----------+--------------------------+------------+

2. REPORT DETAILS
-----------------
BUFC-1#1 Warning
Input Buffer Connections  
Input buffer exp_iobuf_n[1].i_iobufn/IBUF (in exp_iobuf_n[1].i_iobufn macro) has no loads. It is recommended to have an input buffer drive an internal load.
Related violations: <none>

BUFC-1#2 Warning
Input Buffer Connections  
Input buffer exp_iobuf_n[2].i_iobufn/IBUF (in exp_iobuf_n[2].i_iobufn macro) has no loads. It is recommended to have an input buffer drive an internal load.
Related violations: <none>

BUFC-1#3 Warning
Input Buffer Connections  
Input buffer exp_iobuf_n[3].i_iobufn/IBUF (in exp_iobuf_n[3].i_iobufn macro) has no loads. It is recommended to have an input buffer drive an internal load.
Related violations: <none>

BUFC-1#4 Warning
Input Buffer Connections  
Input buffer exp_iobuf_n[4].i_iobufn/IBUF (in exp_iobuf_n[4].i_iobufn macro) has no loads. It is recommended to have an input buffer drive an internal load.
Related violations: <none>

BUFC-1#5 Warning
Input Buffer Connections  
Input buffer exp_iobuf_p[2].i_iobufp/IBUF (in exp_iobuf_p[2].i_iobufp macro) has no loads. It is recommended to have an input buffer drive an internal load.
Related violations: <none>


