
*** Running vivado
    with args -log system_spwm_0_0.vds -m64 -product Vivado -mode batch -messageDb vivado.pb -notrace -source system_spwm_0_0.tcl


****** Vivado v2018.2 (64-bit)
  **** SW Build 2258646 on Thu Jun 14 20:03:12 MDT 2018
  **** IP Build 2256618 on Thu Jun 14 22:10:49 MDT 2018
    ** Copyright 1986-2018 Xilinx, Inc. All Rights Reserved.

source system_spwm_0_0.tcl -notrace
Command: synth_design -top system_spwm_0_0 -part xc7z010clg400-1 -mode out_of_context
Starting synth_design
Attempting to get a license for feature 'Synthesis' and/or device 'xc7z010'
INFO: [Common 17-349] Got license for feature 'Synthesis' and/or device 'xc7z010'
INFO: Launching helper process for spawning children vivado processes
INFO: Helper process launched with PID 12476 
---------------------------------------------------------------------------------
Starting Synthesize : Time (s): cpu = 00:00:05 ; elapsed = 00:00:05 . Memory (MB): peak = 443.441 ; gain = 101.762
---------------------------------------------------------------------------------
INFO: [Synth 8-6157] synthesizing module 'system_spwm_0_0' [c:/Users/James Kibii/OneDrive/Dokumente/Vivado/SoC_Projects/Stepper_Motor_v3/Stepper_Motor_v3.srcs/sources_1/bd/system/ip/system_spwm_0_0/synth/system_spwm_0_0.v:58]
INFO: [Synth 8-6157] synthesizing module 'spwm' [C:/Users/James Kibii/OneDrive/Dokumente/Vivado/SoC_Projects/Stepper_Motor_v3/Stepper_Motor_v3.srcs/sources_1/new/spwm.v:23]
	Parameter count_begin bound to: 16'b0000000000000000 
	Parameter counter_max bound to: 16'b0111111111111111 
INFO: [Synth 8-3876] $readmem data file 'sine_wave.mem' is read successfully [C:/Users/James Kibii/OneDrive/Dokumente/Vivado/SoC_Projects/Stepper_Motor_v3/Stepper_Motor_v3.srcs/sources_1/new/spwm.v:55]
INFO: [Synth 8-3876] $readmem data file 'cos_wave.mem' is read successfully [C:/Users/James Kibii/OneDrive/Dokumente/Vivado/SoC_Projects/Stepper_Motor_v3/Stepper_Motor_v3.srcs/sources_1/new/spwm.v:56]
INFO: [Synth 8-6155] done synthesizing module 'spwm' (1#1) [C:/Users/James Kibii/OneDrive/Dokumente/Vivado/SoC_Projects/Stepper_Motor_v3/Stepper_Motor_v3.srcs/sources_1/new/spwm.v:23]
INFO: [Synth 8-6155] done synthesizing module 'system_spwm_0_0' (2#1) [c:/Users/James Kibii/OneDrive/Dokumente/Vivado/SoC_Projects/Stepper_Motor_v3/Stepper_Motor_v3.srcs/sources_1/bd/system/ip/system_spwm_0_0/synth/system_spwm_0_0.v:58]
---------------------------------------------------------------------------------
Finished Synthesize : Time (s): cpu = 00:00:06 ; elapsed = 00:00:07 . Memory (MB): peak = 497.820 ; gain = 156.141
---------------------------------------------------------------------------------
---------------------------------------------------------------------------------
Finished Constraint Validation : Time (s): cpu = 00:00:06 ; elapsed = 00:00:07 . Memory (MB): peak = 497.820 ; gain = 156.141
---------------------------------------------------------------------------------
---------------------------------------------------------------------------------
Start Loading Part and Timing Information
---------------------------------------------------------------------------------
Loading part: xc7z010clg400-1
---------------------------------------------------------------------------------
Finished Loading Part and Timing Information : Time (s): cpu = 00:00:06 ; elapsed = 00:00:07 . Memory (MB): peak = 497.820 ; gain = 156.141
---------------------------------------------------------------------------------
INFO: [Device 21-403] Loading part xc7z010clg400-1
WARNING: [Synth 8-6040] Register i_reg_rep driving address of a ROM cannot be packed in BRAM/URAM because of presence of initial value.
WARNING: [Synth 8-6040] Register i_reg_rep driving address of a ROM cannot be packed in BRAM/URAM because of presence of initial value.
---------------------------------------------------------------------------------
Finished RTL Optimization Phase 2 : Time (s): cpu = 00:00:07 ; elapsed = 00:00:07 . Memory (MB): peak = 497.820 ; gain = 156.141
---------------------------------------------------------------------------------

Report RTL Partitions: 
+-+--------------+------------+----------+
| |RTL Partition |Replication |Instances |
+-+--------------+------------+----------+
+-+--------------+------------+----------+
No constraint files found.
---------------------------------------------------------------------------------
Start RTL Component Statistics 
---------------------------------------------------------------------------------
Detailed RTL Component Info : 
+---Adders : 
	   2 Input     32 Bit       Adders := 1     
	   2 Input     16 Bit       Adders := 4     
+---Registers : 
	               32 Bit    Registers := 2     
	               16 Bit    Registers := 4     
	                1 Bit    Registers := 4     
+---Muxes : 
	   2 Input     16 Bit        Muxes := 2     
	   2 Input      1 Bit        Muxes := 2     
---------------------------------------------------------------------------------
Finished RTL Component Statistics 
---------------------------------------------------------------------------------
---------------------------------------------------------------------------------
Start RTL Hierarchical Component Statistics 
---------------------------------------------------------------------------------
Hierarchical RTL Component report 
Module spwm 
Detailed RTL Component Info : 
+---Adders : 
	   2 Input     32 Bit       Adders := 1     
	   2 Input     16 Bit       Adders := 4     
+---Registers : 
	               32 Bit    Registers := 2     
	               16 Bit    Registers := 4     
	                1 Bit    Registers := 4     
+---Muxes : 
	   2 Input     16 Bit        Muxes := 2     
	   2 Input      1 Bit        Muxes := 2     
---------------------------------------------------------------------------------
Finished RTL Hierarchical Component Statistics
---------------------------------------------------------------------------------
---------------------------------------------------------------------------------
Start Part Resource Summary
---------------------------------------------------------------------------------
Part Resources:
DSPs: 80 (col length:40)
BRAMs: 120 (col length: RAMB18 40 RAMB36 20)
---------------------------------------------------------------------------------
Finished Part Resource Summary
---------------------------------------------------------------------------------
No constraint files found.
---------------------------------------------------------------------------------
Start Cross Boundary and Area Optimization
---------------------------------------------------------------------------------
Warning: Parallel synthesis criteria is not met 
WARNING: [Synth 8-6040] Register inst/i_reg_rep driving address of a ROM cannot be packed in BRAM/URAM because of presence of initial value.
WARNING: [Synth 8-6040] Register inst/i_reg_rep driving address of a ROM cannot be packed in BRAM/URAM because of presence of initial value.
INFO: [Synth 8-3886] merging instance 'inst/cos_abs_reg[15]' (FDE) to 'inst/sine_abs_reg[15]'
INFO: [Synth 8-3333] propagating constant 0 across sequential element (\inst/sine_abs_reg[15] )
INFO: [Synth 8-3332] Sequential element (inst/i_reg_rep[31]) is unused and will be removed from module system_spwm_0_0.
INFO: [Synth 8-3332] Sequential element (inst/i_reg_rep[30]) is unused and will be removed from module system_spwm_0_0.
INFO: [Synth 8-3332] Sequential element (inst/i_reg_rep[29]) is unused and will be removed from module system_spwm_0_0.
INFO: [Synth 8-3332] Sequential element (inst/i_reg_rep[28]) is unused and will be removed from module system_spwm_0_0.
INFO: [Synth 8-3332] Sequential element (inst/i_reg_rep[27]) is unused and will be removed from module system_spwm_0_0.
INFO: [Synth 8-3332] Sequential element (inst/i_reg_rep[26]) is unused and will be removed from module system_spwm_0_0.
INFO: [Synth 8-3332] Sequential element (inst/i_reg_rep[25]) is unused and will be removed from module system_spwm_0_0.
INFO: [Synth 8-3332] Sequential element (inst/i_reg_rep[24]) is unused and will be removed from module system_spwm_0_0.
INFO: [Synth 8-3332] Sequential element (inst/i_reg_rep[23]) is unused and will be removed from module system_spwm_0_0.
INFO: [Synth 8-3332] Sequential element (inst/i_reg_rep[22]) is unused and will be removed from module system_spwm_0_0.
INFO: [Synth 8-3332] Sequential element (inst/i_reg_rep[21]) is unused and will be removed from module system_spwm_0_0.
INFO: [Synth 8-3332] Sequential element (inst/i_reg_rep[20]) is unused and will be removed from module system_spwm_0_0.
INFO: [Synth 8-3332] Sequential element (inst/i_reg_rep[19]) is unused and will be removed from module system_spwm_0_0.
INFO: [Synth 8-3332] Sequential element (inst/i_reg_rep[18]) is unused and will be removed from module system_spwm_0_0.
INFO: [Synth 8-3332] Sequential element (inst/i_reg_rep[17]) is unused and will be removed from module system_spwm_0_0.
INFO: [Synth 8-3332] Sequential element (inst/i_reg_rep[16]) is unused and will be removed from module system_spwm_0_0.
INFO: [Synth 8-3332] Sequential element (inst/i_reg_rep[15]) is unused and will be removed from module system_spwm_0_0.
INFO: [Synth 8-3332] Sequential element (inst/i_reg_rep[14]) is unused and will be removed from module system_spwm_0_0.
INFO: [Synth 8-3332] Sequential element (inst/i_reg_rep[13]) is unused and will be removed from module system_spwm_0_0.
INFO: [Synth 8-3332] Sequential element (inst/i_reg_rep[12]) is unused and will be removed from module system_spwm_0_0.
INFO: [Synth 8-3332] Sequential element (inst/i_reg_rep[11]) is unused and will be removed from module system_spwm_0_0.
INFO: [Synth 8-3332] Sequential element (inst/i_reg_rep[10]) is unused and will be removed from module system_spwm_0_0.
INFO: [Synth 8-3332] Sequential element (inst/i_reg_rep[31]__0) is unused and will be removed from module system_spwm_0_0.
INFO: [Synth 8-3332] Sequential element (inst/i_reg_rep[30]__0) is unused and will be removed from module system_spwm_0_0.
INFO: [Synth 8-3332] Sequential element (inst/i_reg_rep[29]__0) is unused and will be removed from module system_spwm_0_0.
INFO: [Synth 8-3332] Sequential element (inst/i_reg_rep[28]__0) is unused and will be removed from module system_spwm_0_0.
INFO: [Synth 8-3332] Sequential element (inst/i_reg_rep[27]__0) is unused and will be removed from module system_spwm_0_0.
INFO: [Synth 8-3332] Sequential element (inst/i_reg_rep[26]__0) is unused and will be removed from module system_spwm_0_0.
INFO: [Synth 8-3332] Sequential element (inst/i_reg_rep[25]__0) is unused and will be removed from module system_spwm_0_0.
INFO: [Synth 8-3332] Sequential element (inst/i_reg_rep[24]__0) is unused and will be removed from module system_spwm_0_0.
INFO: [Synth 8-3332] Sequential element (inst/i_reg_rep[23]__0) is unused and will be removed from module system_spwm_0_0.
INFO: [Synth 8-3332] Sequential element (inst/i_reg_rep[22]__0) is unused and will be removed from module system_spwm_0_0.
INFO: [Synth 8-3332] Sequential element (inst/i_reg_rep[21]__0) is unused and will be removed from module system_spwm_0_0.
INFO: [Synth 8-3332] Sequential element (inst/i_reg_rep[20]__0) is unused and will be removed from module system_spwm_0_0.
INFO: [Synth 8-3332] Sequential element (inst/i_reg_rep[19]__0) is unused and will be removed from module system_spwm_0_0.
INFO: [Synth 8-3332] Sequential element (inst/i_reg_rep[18]__0) is unused and will be removed from module system_spwm_0_0.
INFO: [Synth 8-3332] Sequential element (inst/i_reg_rep[17]__0) is unused and will be removed from module system_spwm_0_0.
INFO: [Synth 8-3332] Sequential element (inst/i_reg_rep[16]__0) is unused and will be removed from module system_spwm_0_0.
INFO: [Synth 8-3332] Sequential element (inst/i_reg_rep[15]__0) is unused and will be removed from module system_spwm_0_0.
INFO: [Synth 8-3332] Sequential element (inst/i_reg_rep[14]__0) is unused and will be removed from module system_spwm_0_0.
INFO: [Synth 8-3332] Sequential element (inst/i_reg_rep[13]__0) is unused and will be removed from module system_spwm_0_0.
INFO: [Synth 8-3332] Sequential element (inst/i_reg_rep[12]__0) is unused and will be removed from module system_spwm_0_0.
INFO: [Synth 8-3332] Sequential element (inst/i_reg_rep[11]__0) is unused and will be removed from module system_spwm_0_0.
INFO: [Synth 8-3332] Sequential element (inst/i_reg_rep[10]__0) is unused and will be removed from module system_spwm_0_0.
INFO: [Synth 8-3332] Sequential element (inst/sine_abs_reg[15]) is unused and will be removed from module system_spwm_0_0.
---------------------------------------------------------------------------------
Finished Cross Boundary and Area Optimization : Time (s): cpu = 00:00:25 ; elapsed = 00:00:28 . Memory (MB): peak = 725.793 ; gain = 384.113
---------------------------------------------------------------------------------
---------------------------------------------------------------------------------
Start ROM, RAM, DSP and Shift Register Reporting
---------------------------------------------------------------------------------

ROM:
+----------------+------------+---------------+----------------+
|Module Name     | RTL Object | Depth x Width | Implemented As | 
+----------------+------------+---------------+----------------+
|spwm            | p_0_out    | 1024x16       | LUT            | 
|spwm            | p_0_out    | 1024x16       | LUT            | 
|system_spwm_0_0 | p_0_out    | 1024x16       | LUT            | 
+----------------+------------+---------------+----------------+

---------------------------------------------------------------------------------
Finished ROM, RAM, DSP and Shift Register Reporting
---------------------------------------------------------------------------------

Report RTL Partitions: 
+-+--------------+------------+----------+
| |RTL Partition |Replication |Instances |
+-+--------------+------------+----------+
+-+--------------+------------+----------+
No constraint files found.
---------------------------------------------------------------------------------
Start Timing Optimization
---------------------------------------------------------------------------------
---------------------------------------------------------------------------------
Finished Timing Optimization : Time (s): cpu = 00:00:26 ; elapsed = 00:00:29 . Memory (MB): peak = 725.793 ; gain = 384.113
---------------------------------------------------------------------------------

Report RTL Partitions: 
+-+--------------+------------+----------+
| |RTL Partition |Replication |Instances |
+-+--------------+------------+----------+
+-+--------------+------------+----------+
---------------------------------------------------------------------------------
Start Technology Mapping
---------------------------------------------------------------------------------
---------------------------------------------------------------------------------
Finished Technology Mapping : Time (s): cpu = 00:00:27 ; elapsed = 00:00:29 . Memory (MB): peak = 725.793 ; gain = 384.113
---------------------------------------------------------------------------------

Report RTL Partitions: 
+-+--------------+------------+----------+
| |RTL Partition |Replication |Instances |
+-+--------------+------------+----------+
+-+--------------+------------+----------+
---------------------------------------------------------------------------------
Start IO Insertion
---------------------------------------------------------------------------------
---------------------------------------------------------------------------------
Start Flattening Before IO Insertion
---------------------------------------------------------------------------------
---------------------------------------------------------------------------------
Finished Flattening Before IO Insertion
---------------------------------------------------------------------------------
---------------------------------------------------------------------------------
Start Final Netlist Cleanup
---------------------------------------------------------------------------------
---------------------------------------------------------------------------------
Finished Final Netlist Cleanup
---------------------------------------------------------------------------------
---------------------------------------------------------------------------------
Finished IO Insertion : Time (s): cpu = 00:00:29 ; elapsed = 00:00:31 . Memory (MB): peak = 725.793 ; gain = 384.113
---------------------------------------------------------------------------------

Report Check Netlist: 
+------+------------------+-------+---------+-------+------------------+
|      |Item              |Errors |Warnings |Status |Description       |
+------+------------------+-------+---------+-------+------------------+
|1     |multi_driven_nets |      0|        0|Passed |Multi driven nets |
+------+------------------+-------+---------+-------+------------------+
---------------------------------------------------------------------------------
Start Renaming Generated Instances
---------------------------------------------------------------------------------
---------------------------------------------------------------------------------
Finished Renaming Generated Instances : Time (s): cpu = 00:00:29 ; elapsed = 00:00:31 . Memory (MB): peak = 725.793 ; gain = 384.113
---------------------------------------------------------------------------------

Report RTL Partitions: 
+-+--------------+------------+----------+
| |RTL Partition |Replication |Instances |
+-+--------------+------------+----------+
+-+--------------+------------+----------+
---------------------------------------------------------------------------------
Start Rebuilding User Hierarchy
---------------------------------------------------------------------------------
---------------------------------------------------------------------------------
Finished Rebuilding User Hierarchy : Time (s): cpu = 00:00:29 ; elapsed = 00:00:32 . Memory (MB): peak = 725.793 ; gain = 384.113
---------------------------------------------------------------------------------
---------------------------------------------------------------------------------
Start Renaming Generated Ports
---------------------------------------------------------------------------------
---------------------------------------------------------------------------------
Finished Renaming Generated Ports : Time (s): cpu = 00:00:29 ; elapsed = 00:00:32 . Memory (MB): peak = 725.793 ; gain = 384.113
---------------------------------------------------------------------------------
---------------------------------------------------------------------------------
Start Handling Custom Attributes
---------------------------------------------------------------------------------
---------------------------------------------------------------------------------
Finished Handling Custom Attributes : Time (s): cpu = 00:00:29 ; elapsed = 00:00:32 . Memory (MB): peak = 725.793 ; gain = 384.113
---------------------------------------------------------------------------------
---------------------------------------------------------------------------------
Start Renaming Generated Nets
---------------------------------------------------------------------------------
---------------------------------------------------------------------------------
Finished Renaming Generated Nets : Time (s): cpu = 00:00:29 ; elapsed = 00:00:32 . Memory (MB): peak = 725.793 ; gain = 384.113
---------------------------------------------------------------------------------
---------------------------------------------------------------------------------
Start Writing Synthesis Report
---------------------------------------------------------------------------------

Report BlackBoxes: 
+-+--------------+----------+
| |BlackBox name |Instances |
+-+--------------+----------+
+-+--------------+----------+

Report Cell Usage: 
+------+-------+------+
|      |Cell   |Count |
+------+-------+------+
|1     |CARRY4 |    27|
|2     |LUT1   |     3|
|3     |LUT2   |    19|
|4     |LUT3   |    19|
|5     |LUT4   |    28|
|6     |LUT5   |    48|
|7     |LUT6   |   459|
|8     |MUXF7  |   202|
|9     |MUXF8  |   100|
|10    |FDRE   |   146|
+------+-------+------+

Report Instance Areas: 
+------+---------+-------+------+
|      |Instance |Module |Cells |
+------+---------+-------+------+
|1     |top      |       |  1051|
|2     |  inst   |spwm   |  1051|
+------+---------+-------+------+
---------------------------------------------------------------------------------
Finished Writing Synthesis Report : Time (s): cpu = 00:00:29 ; elapsed = 00:00:32 . Memory (MB): peak = 725.793 ; gain = 384.113
---------------------------------------------------------------------------------
Synthesis finished with 0 errors, 0 critical warnings and 4 warnings.
Synthesis Optimization Runtime : Time (s): cpu = 00:00:29 ; elapsed = 00:00:32 . Memory (MB): peak = 725.793 ; gain = 384.113
Synthesis Optimization Complete : Time (s): cpu = 00:00:29 ; elapsed = 00:00:32 . Memory (MB): peak = 725.793 ; gain = 384.113
INFO: [Project 1-571] Translating synthesized netlist
INFO: [Netlist 29-17] Analyzing 329 Unisim elements for replacement
INFO: [Netlist 29-28] Unisim Transformation completed in 0 CPU seconds
WARNING: [Netlist 29-101] Netlist 'system_spwm_0_0' is not ideal for floorplanning, since the cellview 'spwm' contains a large number of primitives.  Please consider enabling hierarchy in synthesis if you want to do floorplanning.
INFO: [Project 1-570] Preparing netlist for logic optimization
INFO: [Opt 31-138] Pushed 0 inverter(s) to 0 load pin(s).
INFO: [Project 1-111] Unisim Transformation Summary:
No Unisim elements were transformed.

INFO: [Common 17-83] Releasing license: Synthesis
62 Infos, 5 Warnings, 0 Critical Warnings and 0 Errors encountered.
synth_design completed successfully
synth_design: Time (s): cpu = 00:00:36 ; elapsed = 00:00:41 . Memory (MB): peak = 749.230 ; gain = 420.625
WARNING: [Constraints 18-5210] No constraint will be written out.
INFO: [Timing 38-35] Done setting XDC timing constraints.
INFO: [Common 17-1381] The checkpoint 'C:/Users/James Kibii/OneDrive/Dokumente/Vivado/SoC_Projects/Stepper_Motor_v3/Stepper_Motor_v3.runs/system_spwm_0_0_synth_1/system_spwm_0_0.dcp' has been generated.
write_checkpoint: Time (s): cpu = 00:00:18 ; elapsed = 00:00:21 . Memory (MB): peak = 1244.020 ; gain = 494.789
WARNING: [Constraints 18-5210] No constraint will be written out.
INFO: [Common 17-1381] The checkpoint 'C:/Users/James Kibii/OneDrive/Dokumente/Vivado/SoC_Projects/Stepper_Motor_v3/Stepper_Motor_v3.runs/system_spwm_0_0_synth_1/system_spwm_0_0.dcp' has been generated.
INFO: [runtcl-4] Executing : report_utilization -file system_spwm_0_0_utilization_synth.rpt -pb system_spwm_0_0_utilization_synth.pb
report_utilization: Time (s): cpu = 00:00:00 ; elapsed = 00:00:00.021 . Memory (MB): peak = 1244.750 ; gain = 0.000
INFO: [Common 17-206] Exiting Vivado at Thu Feb  4 20:54:55 2021...
