Copyright 1986-2018 Xilinx, Inc. All Rights Reserved.
-------------------------------------------------------------------------------------------
| Tool Version : Vivado v.2018.2 (win64) Build 2258646 Thu Jun 14 20:03:12 MDT 2018
| Date         : Sat Jan 23 01:28:44 2021
| Host         : LAPTOP-8T04MTTM running 64-bit major release  (build 9200)
| Command      : report_control_sets -verbose -file System_wrapper_control_sets_placed.rpt
| Design       : System_wrapper
| Device       : xc7z010i
-------------------------------------------------------------------------------------------

Control Set Information

Table of Contents
-----------------
1. Summary
2. Histogram
3. Flip-Flop Distribution
4. Detailed Control Set Information

1. Summary
----------

+----------------------------------------------------------+-------+
|                          Status                          | Count |
+----------------------------------------------------------+-------+
| Number of unique control sets                            |     2 |
| Unused register locations in slices containing registers |     6 |
+----------------------------------------------------------+-------+


2. Histogram
------------

+--------+--------------+
| Fanout | Control Sets |
+--------+--------------+
|     10 |            1 |
|    16+ |            1 |
+--------+--------------+


3. Flip-Flop Distribution
-------------------------

+--------------+-----------------------+------------------------+-----------------+--------------+
| Clock Enable | Synchronous Set/Reset | Asynchronous Set/Reset | Total Registers | Total Slices |
+--------------+-----------------------+------------------------+-----------------+--------------+
| No           | No                    | No                     |              10 |            2 |
| No           | No                    | Yes                    |               0 |            0 |
| No           | Yes                   | No                     |              96 |           13 |
| Yes          | No                    | No                     |               0 |            0 |
| Yes          | No                    | Yes                    |               0 |            0 |
| Yes          | Yes                   | No                     |               0 |            0 |
+--------------+-----------------------+------------------------+-----------------+--------------+


4. Detailed Control Set Information
-----------------------------------

+-----------------------------------------------+---------------+------------------+------------------+----------------+
|                  Clock Signal                 | Enable Signal | Set/Reset Signal | Slice Load Count | Bel Load Count |
+-----------------------------------------------+---------------+------------------+------------------+----------------+
|  System_i/processing_system7_0/inst/FCLK_CLK0 |               |                  |                2 |             10 |
|  System_i/processing_system7_0/inst/FCLK_CLK0 |               | spwm_i/clear     |               13 |             96 |
+-----------------------------------------------+---------------+------------------+------------------+----------------+


