#-----------------------------------------------------------
# Vivado v2018.2 (64-bit)
# SW Build 2258646 on Thu Jun 14 20:03:12 MDT 2018
# IP Build 2256618 on Thu Jun 14 22:10:49 MDT 2018
# Start of session at: Sat Feb 20 12:35:41 2021
# Process ID: 3780
# Current directory: C:/Users/james/OneDrive/Dokumente/Vivado/SoC_Projects/stepper_motor_taster
# Command line: vivado.exe -gui_launcher_event rodinguilauncherevent13784 C:\Users\james\OneDrive\Dokumente\Vivado\SoC_Projects\stepper_motor_taster\stepper_motor_taster.xpr
# Log file: C:/Users/james/OneDrive/Dokumente/Vivado/SoC_Projects/stepper_motor_taster/vivado.log
# Journal file: C:/Users/james/OneDrive/Dokumente/Vivado/SoC_Projects/stepper_motor_taster\vivado.jou
#-----------------------------------------------------------
start_gui
open_project C:/Users/james/OneDrive/Dokumente/Vivado/SoC_Projects/stepper_motor_taster/stepper_motor_taster.xpr
Scanning sources...
Finished scanning sources
INFO: [IP_Flow 19-234] Refreshing IP repositories
INFO: [IP_Flow 19-1704] No user IP repositories specified
INFO: [IP_Flow 19-2313] Loaded Vivado IP repository 'C:/Xilinx/Vivado/2018.2/data/ip'.
open_project: Time (s): cpu = 00:00:17 ; elapsed = 00:00:12 . Memory (MB): peak = 884.484 ; gain = 159.535
update_compile_order -fileset sources_1
exit
INFO: [Common 17-206] Exiting Vivado at Sat Feb 20 17:20:10 2021...
