#-----------------------------------------------------------
# Vivado v2018.2 (64-bit)
# SW Build 2258646 on Thu Jun 14 20:03:12 MDT 2018
# IP Build 2256618 on Thu Jun 14 22:10:49 MDT 2018
# Start of session at: Thu Feb  4 19:52:18 2021
# Process ID: 11056
# Current directory: C:/Users/James Kibii/OneDrive/Dokumente/Vivado/Stepper_Motor
# Command line: vivado.exe -gui_launcher_event rodinguilauncherevent7252 C:\Users\James Kibii\OneDrive\Dokumente\Vivado\Stepper_Motor\Stepper_Motor.xpr
# Log file: C:/Users/James Kibii/OneDrive/Dokumente/Vivado/Stepper_Motor/vivado.log
# Journal file: C:/Users/James Kibii/OneDrive/Dokumente/Vivado/Stepper_Motor\vivado.jou
#-----------------------------------------------------------
start_gui
open_project {C:/Users/James Kibii/OneDrive/Dokumente/Vivado/Stepper_Motor/Stepper_Motor.xpr}
Scanning sources...
Finished scanning sources
INFO: [IP_Flow 19-234] Refreshing IP repositories
INFO: [IP_Flow 19-1700] Loaded user IP repository 'c:/Users/James Kibii/OneDrive/Dokumente/Vivado/Vector_Length_Mod/Vector_Length_Mod.srcs'.
INFO: [IP_Flow 19-2313] Loaded Vivado IP repository 'C:/Xilinx/Vivado/2018.2/data/ip'.
open_project: Time (s): cpu = 00:00:25 ; elapsed = 00:00:13 . Memory (MB): peak = 898.852 ; gain = 156.012
update_compile_order -fileset sources_1
open_bd_design {C:/Users/James Kibii/OneDrive/Dokumente/Vivado/Stepper_Motor/Stepper_Motor.srcs/sources_1/bd/system/system.bd}
Adding cell -- xilinx.com:ip:processing_system7:5.5 - processing_system7_0
Adding cell -- xilinx.com:ip:xadc_wiz:3.3 - xadc_wiz_0
Adding cell -- xilinx.com:ip:xlconstant:1.1 - xlconstant_0
Adding cell -- xilinx.com:ip:xlconcat:2.1 - xlconcat_0
Adding cell -- xilinx.com:module_ref:speed_ctrl:1.0 - speed_ctrl_0
Successfully read diagram <system> from BD file <C:/Users/James Kibii/OneDrive/Dokumente/Vivado/Stepper_Motor/Stepper_Motor.srcs/sources_1/bd/system/system.bd>
